Duplicates in Structured_data/2021/Jolina/SitRep_016/affected_population_ml_ready_universal.csv:
  Duplicate barangay_name entries (normalized) matching a province:
    BILIRAN: 2 rows
    QUEZON: 2 rows
  Duplicate Province entries in matched rows (before aggregation):
    Biliran: 2 rows
    Quezon: 2 rows
Duplicates in Structured_data/2021/Jolina/SitRep_016/damage_to_houses_ml_ready_universal.csv:
  Duplicate barangay_name entries (normalized) matching a province:
    BILIRAN: 2 rows
  Duplicate Province entries in matched rows (before aggregation):
    Biliran: 2 rows
Duplicates in Structured_data/2021/Jolina/SitRep_016/damage_to_agriculture_ml_ready_universal.csv:
  Duplicate barangay_name entries (normalized) matching a province:
    QUEZON: 2 rows
    RIZAL: 2 rows
    ROMBLON: 2 rows
  Duplicate Province entries in matched rows (before aggregation):
    Quezon: 2 rows
    Rizal: 2 rows
    Romblon: 2 rows