Duplicates in Structured_data/2024/Carina/SitRep_046/affected_population_ml_ready_universal.csv:
  Duplicate barangay_name entries (normalized) matching a province:
    AKLAN: 2 rows
    LA UNION: 2 rows
    RIZAL: 2 rows
    ROMBLON: 2 rows
    SARANGANI: 2 rows
  Duplicate Province entries in matched rows (before aggregation):
    Aklan: 2 rows
    La Union: 2 rows
    Rizal: 2 rows
    Romblon: 2 rows
    Sarangani: 2 rows
Duplicates in Structured_data/2024/Carina/SitRep_046/damage_to_houses_ml_ready_universal.csv:
  Duplicate barangay_name entries (normalized) matching a province:
    RIZAL: 2 rows
    SARANGANI: 2 rows
  Duplicate Province entries in matched rows (before aggregation):
    Rizal: 2 rows
    Sarangani: 2 rows
Duplicates in Structured_data/2024/Carina/SitRep_046/damage_to_agriculture_ml_ready_universal.csv:
  Duplicate barangay_name entries (normalized) matching a province:
    RIZAL: 3 rows
    SULTAN KUDARAT: 2 rows
  Duplicate Province entries in matched rows (before aggregation):
    Rizal: 3 rows
    Sultan Kudarat: 2 rows