Duplicates in Structured_data/2024/Leon/SitRep_037/affected_population_ml_ready_universal.csv:
  Duplicate barangay_name entries (normalized) matching a province:
    AURORA: 2 rows
    BILIRAN: 2 rows
    ISABELA: 2 rows
    QUEZON: 2 rows
    QUIRINO: 2 rows
    RIZAL: 2 rows
    ROMBLON: 2 rows
    SIQUIJOR: 2 rows
    SULTAN KUDARAT: 2 rows
  Duplicate Province entries in matched rows (before aggregation):
    Aurora: 2 rows
    Biliran: 2 rows
    Isabela: 2 rows
    Quezon: 2 rows
    Quirino: 2 rows
    Rizal: 2 rows
    Romblon: 2 rows
    Siquijor: 2 rows
    Sultan Kudarat: 2 rows
Duplicates in Structured_data/2024/Leon/SitRep_037/damage_to_houses_ml_ready_universal.csv:
  Duplicate barangay_name entries (normalized) matching a province:
    BILIRAN: 2 rows
    ISABELA: 2 rows
    QUEZON: 2 rows
    RIZAL: 4 rows
    SULTAN KUDARAT: 2 rows
  Duplicate Province entries in matched rows (before aggregation):
    Biliran: 2 rows
    Isabela: 2 rows
    Quezon: 2 rows
    Rizal: 4 rows
    Sultan Kudarat: 2 rows
Duplicates in Structured_data/2024/Leon/SitRep_037/infrastructure_ml_ready_universal.csv:
  Duplicate barangay_name entries (normalized) matching a province:
    BULACAN: 5 rows
    ROMBLON: 2 rows
  Duplicate Province entries in matched rows (before aggregation):
    Bulacan: 5 rows
    Romblon: 2 rows