Duplicates in Structured_data/2022/Paeng/SitRep_030/affected_population_ml_ready_universal.csv:
  Duplicate barangay_name entries (normalized) matching a province:
    AURORA: 2 rows
    BILIRAN: 2 rows
    ISABELA: 2 rows
    LEYTE: 2 rows
    QUEZON: 2 rows
    QUIRINO: 2 rows
    RIZAL: 2 rows
    ROMBLON: 2 rows
    SARANGANI: 2 rows
  Duplicate Province entries in matched rows (before aggregation):
    Aurora: 2 rows
    Biliran: 2 rows
    Isabela: 2 rows
    Leyte: 2 rows
    Quezon: 2 rows
    Quirino: 2 rows
    Rizal: 2 rows
    Romblon: 2 rows
    Sarangani: 2 rows
Duplicates in Structured_data/2022/Paeng/SitRep_030/damage_to_houses_ml_ready_universal.csv:
  Duplicate barangay_name entries (normalized) matching a province:
    ISABELA: 2 rows
    QUEZON: 3 rows
    RIZAL: 3 rows
    ROMBLON: 2 rows
    SARANGANI: 2 rows
    SULTAN KUDARAT: 2 rows
  Duplicate Province entries in matched rows (before aggregation):
    Isabela: 2 rows
    Quezon: 3 rows
    Rizal: 3 rows
    Romblon: 2 rows
    Sarangani: 2 rows
    Sultan Kudarat: 2 rows
Duplicates in Structured_data/2022/Paeng/SitRep_030/damage_to_agriculture_ml_ready_universal.csv:
  Duplicate barangay_name entries (normalized) matching a province:
    AURORA: 2 rows
    ISABELA: 2 rows
    QUEZON: 2 rows
    RIZAL: 2 rows
    ROMBLON: 2 rows
  Duplicate Province entries in matched rows (before aggregation):
    Aurora: 2 rows
    Isabela: 2 rows
    Quezon: 2 rows
    Rizal: 2 rows
    Romblon: 2 rows
Duplicates in Structured_data/2022/Paeng/SitRep_030/infrastructure_ml_ready_universal.csv:
  Duplicate barangay_name entries (normalized) matching a province:
    AURORA: 2 rows
    QUEZON: 2 rows
    RIZAL: 3 rows
  Duplicate Province entries in matched rows (before aggregation):
    Aurora: 2 rows
    Quezon: 2 rows
    Rizal: 3 rows